<?xml version="1.0" encoding="UTF-8"?>
<testsuite xmlns:xsi="http://www.w3.org/2001/XMLSchema-instance" xsi:noNamespaceSchemaLocation="https://maven.apache.org/surefire/maven-surefire-plugin/xsd/surefire-test-report-3.0.xsd" version="3.0" name="com.smarttravelplanner.model.PlanTest" time="0.039" tests="5" errors="0" skipped="0" failures="0">
  <properties>
[...]
</properties>
  <testcase name="testCityPlanCalculateCost" classname="com.smarttravelplanner.model.PlanTest" time="0.003"/>
  <testcase name="testCityPlanCreation" classname="com.smarttravelplanner.model.PlanTest" time="0.007"/>
  <testcase name="testTourPlanCalculateCost" classname="com.smarttravelplanner.model.PlanTest" time="0.004"/>
  <testcase name="testCityPlanAddRemoveDestination" classname="com.smarttravelplanner.model.PlanTest" time="0.003"/>
  <testcase name="testTourPlanCreation" classname="com.smarttravelplanner.model.PlanTest" time="0.001"/>
</testsuite>